<?xml version="1.0" encoding="UTF-8"?>
<!-- Generated by org.testng.reporters.JUnitReportReporter -->
<testsuite hostname="DESKTOP-725" name="spring_boot_testng.testng_sping.TestNGTestsWithSpringBootIT" tests="1" failures="0" timestamp="24 Jun 2020 14:52:29 GMT" time="0.003" errors="0">
  <testcase name="simpleTest" time="0.003" classname="spring_boot_testng.testng_sping.TestNGTestsWithSpringBootIT"/>
</testsuite> <!-- spring_boot_testng.testng_sping.TestNGTestsWithSpringBootIT -->
